<?xml version="1.0" encoding="UTF-8"?>
<!-- Generated by org.testng.reporters.JUnitReportReporter -->
<testsuite hostname="SANTOSH-PC" name="TestScripts.TC001" tests="1" failures="0" timestamp="19 Jul 2020 05:54:03 GMT" time="8.520" errors="0">
  <testcase name="test1" time="8.520" classname="TestScripts.TC001"/>
</testsuite> <!-- TestScripts.TC001 -->
